[    76.343] (--) Log file renamed from "/home/inseri/.local/share/xorg/Xorg.pid-1286.log" to "/home/inseri/.local/share/xorg/Xorg.0.log"
[    76.345] 
X.Org X Server 1.19.6
Release Date: 2017-12-20
[    76.345] X Protocol Version 11, Revision 0
[    76.345] Build Operating System: Linux 4.4.0-119-generic x86_64 Ubuntu
[    76.345] Current Operating System: Linux inseri-virtual-machine 4.15.0-22-generic #24-Ubuntu SMP Wed May 16 12:15:17 UTC 2018 x86_64
[    76.345] Kernel command line: BOOT_IMAGE=/boot/vmlinuz-4.15.0-22-generic root=UUID=9a0093cc-6907-4900-ada3-668195f54e1e ro quiet splash
[    76.346] Build Date: 13 April 2018  08:07:36PM
[    76.346] xorg-server 2:1.19.6-1ubuntu4 (For technical support please see http://www.ubuntu.com/support) 
[    76.346] Current version of pixman: 0.34.0
[    76.346] 	Before reporting problems, check http://wiki.x.org
	to make sure that you have the latest version.
[    76.346] Markers: (--) probed, (**) from config file, (==) default setting,
	(++) from command line, (!!) notice, (II) informational,
	(WW) warning, (EE) error, (NI) not implemented, (??) unknown.
[    76.346] (==) Log file: "/home/inseri/.local/share/xorg/Xorg.0.log", Time: Tue May 29 10:48:57 2018
[    76.393] (==) Using system config directory "/usr/share/X11/xorg.conf.d"
[    76.432] (==) No Layout section.  Using the first Screen section.
[    76.432] (==) No screen section available. Using defaults.
[    76.432] (**) |-->Screen "Default Screen Section" (0)
[    76.432] (**) |   |-->Monitor "<default monitor>"
[    76.433] (==) No monitor specified for screen "Default Screen Section".
	Using a default monitor configuration.
[    76.434] (==) Automatically adding devices
[    76.434] (==) Automatically enabling devices
[    76.434] (==) Automatically adding GPU devices
[    76.434] (==) Automatically binding GPU devices
[    76.434] (==) Max clients allowed: 256, resource mask: 0x1fffff
[    76.434] (WW) The directory "/usr/share/fonts/X11/cyrillic" does not exist.
[    76.434] 	Entry deleted from font path.
[    76.434] (WW) The directory "/usr/share/fonts/X11/100dpi/" does not exist.
[    76.434] 	Entry deleted from font path.
[    76.434] (WW) The directory "/usr/share/fonts/X11/75dpi/" does not exist.
[    76.434] 	Entry deleted from font path.
[    76.434] (WW) The directory "/usr/share/fonts/X11/100dpi" does not exist.
[    76.434] 	Entry deleted from font path.
[    76.434] (WW) The directory "/usr/share/fonts/X11/75dpi" does not exist.
[    76.434] 	Entry deleted from font path.
[    76.434] (==) FontPath set to:
	/usr/share/fonts/X11/misc,
	/usr/share/fonts/X11/Type1,
	built-ins
[    76.434] (==) ModulePath set to "/usr/lib/xorg/modules"
[    76.434] (II) The server relies on udev to provide the list of input devices.
	If no devices become available, reconfigure udev or disable AutoAddDevices.
[    76.446] (II) Loader magic: 0x564169e0b020
[    76.446] (II) Module ABI versions:
[    76.447] 	X.Org ANSI C Emulation: 0.4
[    76.447] 	X.Org Video Driver: 23.0
[    76.447] 	X.Org XInput driver : 24.1
[    76.447] 	X.Org Server Extension : 10.0
[    76.449] (++) using VT number 2

[    76.456] (II) systemd-logind: took control of session /org/freedesktop/login1/session/_32
[    76.461] (II) xfree86: Adding drm device (/dev/dri/card0)
[    76.463] (II) systemd-logind: got fd for /dev/dri/card0 226:0 fd 12 paused 0
[    76.489] (--) PCI:*(0:0:15:0) 15ad:0405:15ad:0405 rev 0, Mem @ 0xd0000000/134217728, 0xc8800000/8388608, I/O @ 0x000010d0/16, BIOS @ 0x????????/131072
[    76.489] (II) LoadModule: "glx"
[    76.543] (II) Loading /usr/lib/xorg/modules/extensions/libglx.so
[    76.563] (II) Module glx: vendor="X.Org Foundation"
[    76.563] 	compiled for 1.19.6, module version = 1.0.0
[    76.563] 	ABI class: X.Org Server Extension, version 10.0
[    76.563] (==) Matched vmware as autoconfigured driver 0
[    76.563] (==) Matched vmware as autoconfigured driver 1
[    76.563] (==) Matched modesetting as autoconfigured driver 2
[    76.563] (==) Matched fbdev as autoconfigured driver 3
[    76.563] (==) Matched vesa as autoconfigured driver 4
[    76.563] (==) Assigned the driver to the xf86ConfigLayout
[    76.563] (II) LoadModule: "vmware"
[    76.564] (II) Loading /usr/lib/xorg/modules/drivers/vmware_drv.so
[    76.755] (II) Module vmware: vendor="X.Org Foundation"
[    76.755] 	compiled for 1.19.3, module version = 13.2.1
[    76.756] 	Module class: X.Org Video Driver
[    76.756] 	ABI class: X.Org Video Driver, version 23.0
[    76.756] (II) LoadModule: "modesetting"
[    76.756] (II) Loading /usr/lib/xorg/modules/drivers/modesetting_drv.so
[    76.770] (II) Module modesetting: vendor="X.Org Foundation"
[    76.770] 	compiled for 1.19.6, module version = 1.19.6
[    76.771] 	Module class: X.Org Video Driver
[    76.771] 	ABI class: X.Org Video Driver, version 23.0
[    76.771] (II) LoadModule: "fbdev"
[    76.772] (II) Loading /usr/lib/xorg/modules/drivers/fbdev_drv.so
[    76.785] (II) Module fbdev: vendor="X.Org Foundation"
[    76.785] 	compiled for 1.19.3, module version = 0.4.4
[    76.786] 	Module class: X.Org Video Driver
[    76.786] 	ABI class: X.Org Video Driver, version 23.0
[    76.786] (II) LoadModule: "vesa"
[    76.787] (II) Loading /usr/lib/xorg/modules/drivers/vesa_drv.so
[    76.789] (II) Module vesa: vendor="X.Org Foundation"
[    76.789] 	compiled for 1.19.3, module version = 2.3.4
[    76.790] 	Module class: X.Org Video Driver
[    76.790] 	ABI class: X.Org Video Driver, version 23.0
[    76.790] (II) vmware: driver for VMware SVGA: vmware0405, vmware0710
[    76.791] (II) modesetting: Driver for Modesetting Kernel Drivers: kms
[    76.791] (II) FBDEV: driver for framebuffer: fbdev
[    76.791] (II) VESA: driver for VESA chipsets: vesa
[    76.793] xf86EnableIOPorts: failed to set IOPL for I/O (Operation not permitted)
[    76.793] (WW) Falling back to old probe method for modesetting
[    76.793] (WW) Falling back to old probe method for fbdev
[    76.794] (II) Loading sub module "fbdevhw"
[    76.794] (II) LoadModule: "fbdevhw"
[    76.794] (II) Loading /usr/lib/xorg/modules/libfbdevhw.so
[    76.801] (II) Module fbdevhw: vendor="X.Org Foundation"
[    76.801] 	compiled for 1.19.6, module version = 0.0.2
[    76.801] 	ABI class: X.Org Video Driver, version 23.0
[    76.802] (EE) open /dev/fb0: Permission denied
[    76.802] (WW) Falling back to old probe method for vesa
[    76.802] (WW) VGA arbiter: cannot open kernel arbiter, no multi-card support
[    76.802] (II) vmware(0): Creating default Display subsection in Screen section
	"Default Screen Section" for depth/fbbpp 24/32
[    76.803] (--) vmware(0): DRM driver version is 2.14.0
[    76.803] (==) vmware(0): Depth 24, (--) framebuffer bpp 32
[    76.803] (==) vmware(0): RGB weight 888
[    76.803] (==) vmware(0): Default visual is TrueColor
[    76.804] (--) vmware(0): Min width 1, Max Width 8192.
[    76.804] (--) vmware(0): Min height 1, Max Height 8192.
[    76.805] (II) vmware(0): Output Virtual1 has no monitor section
[    76.805] (II) vmware(0): Output Virtual2 has no monitor section
[    76.805] (II) vmware(0): Output Virtual3 has no monitor section
[    76.806] (II) vmware(0): Output Virtual4 has no monitor section
[    76.806] (II) vmware(0): Output Virtual5 has no monitor section
[    76.806] (II) vmware(0): Output Virtual6 has no monitor section
[    76.807] (II) vmware(0): Output Virtual7 has no monitor section
[    76.807] (II) vmware(0): Output Virtual8 has no monitor section
[    76.807] (II) vmware(0): Printing probed modes for output Virtual1
[    76.808] (II) vmware(0): Modeline "800x600"x60.0   42.75  800 850 900 950  600 650 700 750 -hsync +vsync (45.0 kHz eP)
[    76.808] (II) vmware(0): Modeline "2560x1600"x60.0  348.50  2560 2752 3032 3504  1600 1603 1609 1658 -hsync +vsync (99.5 kHz e)
[    76.809] (II) vmware(0): Modeline "1920x1440"x60.0  234.00  1920 2048 2256 2600  1440 1441 1444 1500 -hsync +vsync (90.0 kHz e)
[    76.809] (II) vmware(0): Modeline "1856x1392"x60.0  218.25  1856 1952 2176 2528  1392 1393 1396 1439 -hsync +vsync (86.3 kHz e)
[    76.809] (II) vmware(0): Modeline "1792x1344"x60.0  204.75  1792 1920 2120 2448  1344 1345 1348 1394 -hsync +vsync (83.6 kHz e)
[    76.810] (II) vmware(0): Modeline "1920x1200"x59.9  193.25  1920 2056 2256 2592  1200 1203 1209 1245 -hsync +vsync (74.6 kHz e)
[    76.810] (II) vmware(0): Modeline "1600x1200"x60.0  162.00  1600 1664 1856 2160  1200 1201 1204 1250 +hsync +vsync (75.0 kHz e)
[    76.810] (II) vmware(0): Modeline "1680x1050"x60.0  146.25  1680 1784 1960 2240  1050 1053 1059 1089 -hsync +vsync (65.3 kHz e)
[    76.810] (II) vmware(0): Modeline "1400x1050"x60.0  121.75  1400 1488 1632 1864  1050 1053 1057 1089 -hsync +vsync (65.3 kHz e)
[    76.811] (II) vmware(0): Modeline "1280x1024"x60.0  108.00  1280 1328 1440 1688  1024 1025 1028 1066 +hsync +vsync (64.0 kHz e)
[    76.811] (II) vmware(0): Modeline "1440x900"x59.9  106.50  1440 1520 1672 1904  900 903 909 934 -hsync +vsync (55.9 kHz e)
[    76.811] (II) vmware(0): Modeline "1280x960"x60.0  108.00  1280 1376 1488 1800  960 961 964 1000 +hsync +vsync (60.0 kHz e)
[    76.811] (II) vmware(0): Modeline "1360x768"x60.0   85.50  1360 1424 1536 1792  768 771 777 795 +hsync +vsync (47.7 kHz e)
[    76.811] (II) vmware(0): Modeline "1280x800"x59.8   83.50  1280 1352 1480 1680  800 803 809 831 +hsync -vsync (49.7 kHz e)
[    76.812] (II) vmware(0): Modeline "1152x864"x75.0  108.00  1152 1216 1344 1600  864 865 868 900 +hsync +vsync (67.5 kHz e)
[    76.812] (II) vmware(0): Modeline "1280x768"x59.9   79.50  1280 1344 1472 1664  768 771 778 798 -hsync +vsync (47.8 kHz e)
[    76.812] (II) vmware(0): Modeline "1024x768"x60.0   65.00  1024 1048 1184 1344  768 771 777 806 -hsync -vsync (48.4 kHz e)
[    76.812] (II) vmware(0): Modeline "800x600"x60.3   40.00  800 840 968 1056  600 601 605 628 +hsync +vsync (37.9 kHz e)
[    76.813] (II) vmware(0): Modeline "640x480"x59.9   25.18  640 656 752 800  480 489 492 525 -hsync -vsync (31.5 kHz e)
[    76.813] (II) vmware(0): EDID for output Virtual2
[    76.813] (II) vmware(0): EDID for output Virtual3
[    76.813] (II) vmware(0): EDID for output Virtual4
[    76.814] (II) vmware(0): EDID for output Virtual5
[    76.814] (II) vmware(0): EDID for output Virtual6
[    76.814] (II) vmware(0): EDID for output Virtual7
[    76.815] (II) vmware(0): EDID for output Virtual8
[    76.815] (II) vmware(0): Output Virtual1 connected
[    76.815] (II) vmware(0): Output Virtual2 disconnected
[    76.815] (II) vmware(0): Output Virtual3 disconnected
[    76.815] (II) vmware(0): Output Virtual4 disconnected
[    76.815] (II) vmware(0): Output Virtual5 disconnected
[    76.815] (II) vmware(0): Output Virtual6 disconnected
[    76.815] (II) vmware(0): Output Virtual7 disconnected
[    76.815] (II) vmware(0): Output Virtual8 disconnected
[    76.815] (II) vmware(0): Using exact sizes for initial modes
[    76.815] (II) vmware(0): Output Virtual1 using initial mode 800x600 +0+0
[    76.815] (==) vmware(0): DPI set to (96, 96)
[    76.815] (==) vmware(0): Using gamma correction (1.0, 1.0, 1.0)
[    76.815] (II) Loading sub module "fb"
[    76.815] (II) LoadModule: "fb"
[    76.816] (II) Loading /usr/lib/xorg/modules/libfb.so
[    76.845] (II) Module fb: vendor="X.Org Foundation"
[    76.845] 	compiled for 1.19.6, module version = 1.0.0
[    76.845] 	ABI class: X.Org ANSI C Emulation, version 0.4
[    76.845] (II) Loading sub module "dri2"
[    76.845] (II) LoadModule: "dri2"
[    76.845] (II) Module "dri2" already built-in
[    76.845] (II) UnloadModule: "modesetting"
[    76.845] (II) Unloading modesetting
[    76.845] (II) UnloadModule: "fbdev"
[    76.845] (II) Unloading fbdev
[    76.845] (II) UnloadSubModule: "fbdevhw"
[    76.845] (II) Unloading fbdevhw
[    76.845] (II) UnloadModule: "vesa"
[    76.845] (II) Unloading vesa
[    76.846] (==) Depth 24 pixmap format is 32 bpp
[    76.866] (II) vmware(0): Initialized VMWARE_CTRL extension version 0.2
[    76.923] (II) vmware(0): Gallium3D XA version: 2.3.0.
[    76.923] (II) vmware(0): Path of drm device is "/dev/dri/card0".
[    76.923] (II) vmware(0): [DRI2] Setup complete
[    76.923] (II) vmware(0): [DRI2]   DRI driver: vmwgfx
[    76.923] (--) vmware(0): Render acceleration is enabled.
[    76.923] (==) vmware(0): Rendercheck mode is disabled.
[    76.923] (--) vmware(0): Direct rendering (3D) is enabled.
[    76.923] (==) vmware(0): Direct presents are disabled.
[    76.923] (==) vmware(0): Hardware only presents are disabled.
[    76.923] (==) vmware(0): Backing store enabled
[    76.923] (==) vmware(0): Silken mouse enabled
[    76.924] (II) vmware(0): RandR 1.2 enabled, ignore the following RandR disabled message.
[    76.943] (==) vmware(0): DPMS enabled
[    76.943] (--) RandR disabled
[    76.946] (II) SELinux: Disabled on system
[    76.950] (II) AIGLX: enabled GLX_MESA_copy_sub_buffer
[    76.950] (II) AIGLX: enabled GLX_ARB_create_context
[    76.950] (II) AIGLX: enabled GLX_ARB_create_context_profile
[    76.950] (II) AIGLX: enabled GLX_EXT_create_context_es{,2}_profile
[    76.950] (II) AIGLX: enabled GLX_EXT_framebuffer_sRGB
[    76.950] (II) AIGLX: enabled GLX_ARB_fbconfig_float
[    76.950] (II) AIGLX: enabled GLX_EXT_fbconfig_packed_float
[    76.950] (II) AIGLX: GLX_EXT_texture_from_pixmap backed by buffer objects
[    76.951] (II) AIGLX: Loaded and initialized vmwgfx
[    76.951] (II) GLX: Initialized DRI2 GL provider for screen 0
[    76.952] (II) vmware(0): Setting screen physical size to 211 x 158
[    77.001] (II) config/udev: Adding input device Power Button (/dev/input/event0)
[    77.001] (**) Power Button: Applying InputClass "libinput keyboard catchall"
[    77.001] (II) LoadModule: "libinput"
[    77.001] (II) Loading /usr/lib/xorg/modules/input/libinput_drv.so
[    77.003] (II) Module libinput: vendor="X.Org Foundation"
[    77.003] 	compiled for 1.19.6, module version = 0.27.1
[    77.003] 	Module class: X.Org XInput Driver
[    77.003] 	ABI class: X.Org XInput driver, version 24.1
[    77.003] (II) Using input driver 'libinput' for 'Power Button'
[    77.005] (II) systemd-logind: got fd for /dev/input/event0 13:64 fd 24 paused 0
[    77.005] (**) Power Button: always reports core events
[    77.005] (**) Option "Device" "/dev/input/event0"
[    77.005] (**) Option "_source" "server/udev"
[    77.006] (II) event0  - Power Button: is tagged by udev as: Keyboard
[    77.006] (II) event0  - Power Button: device is a keyboard
[    77.007] (II) event0  - Power Button: device removed
[    77.007] (**) Option "config_info" "udev:/sys/devices/LNXSYSTM:00/LNXPWRBN:00/input/input0/event0"
[    77.007] (II) XINPUT: Adding extended input device "Power Button" (type: KEYBOARD, id 6)
[    77.007] (**) Option "xkb_model" "pc105"
[    77.007] (**) Option "xkb_layout" "fr"
[    77.007] (**) Option "xkb_variant" "latin9"
[    77.025] (II) event0  - Power Button: is tagged by udev as: Keyboard
[    77.025] (II) event0  - Power Button: device is a keyboard
[    77.028] (II) config/udev: Adding input device VMware VMware Virtual USB Mouse (/dev/input/event4)
[    77.028] (**) VMware VMware Virtual USB Mouse: Applying InputClass "libinput pointer catchall"
[    77.028] (II) Using input driver 'libinput' for 'VMware VMware Virtual USB Mouse'
[    77.090] (II) systemd-logind: got fd for /dev/input/event4 13:68 fd 27 paused 0
[    77.091] (**) VMware VMware Virtual USB Mouse: always reports core events
[    77.091] (**) Option "Device" "/dev/input/event4"
[    77.091] (**) Option "_source" "server/udev"
[    77.092] (II) event4  - VMware VMware Virtual USB Mouse: is tagged by udev as: Mouse
[    77.092] (II) event4  - VMware VMware Virtual USB Mouse: device is a pointer
[    77.092] (II) event4  - VMware VMware Virtual USB Mouse: device removed
[    77.092] (**) Option "config_info" "udev:/sys/devices/pci0000:00/0000:00:11.0/0000:02:00.0/usb2/2-1/2-1:1.0/0003:0E0F:0003.0001/input/input5/event4"
[    77.092] (II) XINPUT: Adding extended input device "VMware VMware Virtual USB Mouse" (type: MOUSE, id 7)
[    77.092] (**) Option "AccelerationScheme" "none"
[    77.093] (**) VMware VMware Virtual USB Mouse: (accel) selected scheme none/0
[    77.093] (**) VMware VMware Virtual USB Mouse: (accel) acceleration factor: 2.000
[    77.093] (**) VMware VMware Virtual USB Mouse: (accel) acceleration threshold: 4
[    77.093] (II) event4  - VMware VMware Virtual USB Mouse: is tagged by udev as: Mouse
[    77.093] (II) event4  - VMware VMware Virtual USB Mouse: device is a pointer
[    77.094] (II) config/udev: Adding input device VMware VMware Virtual USB Mouse (/dev/input/js0)
[    77.095] (II) No input driver specified, ignoring this device.
[    77.095] (II) This device may have been added with another device file.
[    77.095] (II) config/udev: Adding input device VMware VMware Virtual USB Mouse (/dev/input/mouse2)
[    77.096] (II) No input driver specified, ignoring this device.
[    77.096] (II) This device may have been added with another device file.
[    77.097] (II) config/udev: Adding input device VMware VMware Virtual USB Mouse (/dev/input/event5)
[    77.097] (**) VMware VMware Virtual USB Mouse: Applying InputClass "libinput pointer catchall"
[    77.097] (II) Using input driver 'libinput' for 'VMware VMware Virtual USB Mouse'
[    77.944] (II) systemd-logind: got fd for /dev/input/event5 13:69 fd 28 paused 0
[    77.944] (**) VMware VMware Virtual USB Mouse: always reports core events
[    77.944] (**) Option "Device" "/dev/input/event5"
[    77.944] (**) Option "_source" "server/udev"
[    77.946] (II) event5  - VMware VMware Virtual USB Mouse: is tagged by udev as: Mouse
[    77.946] (II) event5  - VMware VMware Virtual USB Mouse: device is a pointer
[    77.946] (II) event5  - VMware VMware Virtual USB Mouse: device removed
[    77.947] (**) Option "config_info" "udev:/sys/devices/pci0000:00/0000:00:11.0/0000:02:00.0/usb2/2-1/2-1:1.1/0003:0E0F:0003.0002/input/input6/event5"
[    77.947] (II) XINPUT: Adding extended input device "VMware VMware Virtual USB Mouse" (type: MOUSE, id 8)
[    77.947] (**) Option "AccelerationScheme" "none"
[    77.947] (**) VMware VMware Virtual USB Mouse: (accel) selected scheme none/0
[    77.947] (**) VMware VMware Virtual USB Mouse: (accel) acceleration factor: 2.000
[    77.947] (**) VMware VMware Virtual USB Mouse: (accel) acceleration threshold: 4
[    77.949] (II) event5  - VMware VMware Virtual USB Mouse: is tagged by udev as: Mouse
[    77.949] (II) event5  - VMware VMware Virtual USB Mouse: device is a pointer
[    77.953] (II) config/udev: Adding input device VMware VMware Virtual USB Mouse (/dev/input/mouse3)
[    77.953] (II) No input driver specified, ignoring this device.
[    77.953] (II) This device may have been added with another device file.
[    77.955] (II) config/udev: Adding input device AT Translated Set 2 keyboard (/dev/input/event1)
[    77.955] (**) AT Translated Set 2 keyboard: Applying InputClass "libinput keyboard catchall"
[    77.955] (II) Using input driver 'libinput' for 'AT Translated Set 2 keyboard'
[    77.959] (II) systemd-logind: got fd for /dev/input/event1 13:65 fd 29 paused 0
[    77.959] (**) AT Translated Set 2 keyboard: always reports core events
[    77.959] (**) Option "Device" "/dev/input/event1"
[    77.959] (**) Option "_source" "server/udev"
[    77.961] (II) event1  - AT Translated Set 2 keyboard: is tagged by udev as: Keyboard
[    77.961] (II) event1  - AT Translated Set 2 keyboard: device is a keyboard
[    77.961] (II) event1  - AT Translated Set 2 keyboard: device removed
[    77.961] (**) Option "config_info" "udev:/sys/devices/platform/i8042/serio0/input/input1/event1"
[    77.961] (II) XINPUT: Adding extended input device "AT Translated Set 2 keyboard" (type: KEYBOARD, id 9)
[    77.961] (**) Option "xkb_model" "pc105"
[    77.961] (**) Option "xkb_layout" "fr"
[    77.961] (**) Option "xkb_variant" "latin9"
[    77.962] (II) event1  - AT Translated Set 2 keyboard: is tagged by udev as: Keyboard
[    77.962] (II) event1  - AT Translated Set 2 keyboard: device is a keyboard
[    77.964] (II) config/udev: Adding input device VirtualPS/2 VMware VMMouse (/dev/input/event3)
[    77.964] (**) VirtualPS/2 VMware VMMouse: Applying InputClass "libinput pointer catchall"
[    77.964] (II) Using input driver 'libinput' for 'VirtualPS/2 VMware VMMouse'
[    77.968] (II) systemd-logind: got fd for /dev/input/event3 13:67 fd 30 paused 0
[    77.968] (**) VirtualPS/2 VMware VMMouse: always reports core events
[    77.968] (**) Option "Device" "/dev/input/event3"
[    77.968] (**) Option "_source" "server/udev"
[    77.969] (II) event3  - VirtualPS/2 VMware VMMouse: is tagged by udev as: Mouse
[    77.969] (II) event3  - VirtualPS/2 VMware VMMouse: device is a pointer
[    77.969] (II) event3  - VirtualPS/2 VMware VMMouse: device removed
[    77.969] (**) Option "config_info" "udev:/sys/devices/platform/i8042/serio1/input/input3/event3"
[    77.969] (II) XINPUT: Adding extended input device "VirtualPS/2 VMware VMMouse" (type: MOUSE, id 10)
[    77.969] (**) Option "AccelerationScheme" "none"
[    77.970] (**) VirtualPS/2 VMware VMMouse: (accel) selected scheme none/0
[    77.970] (**) VirtualPS/2 VMware VMMouse: (accel) acceleration factor: 2.000
[    77.970] (**) VirtualPS/2 VMware VMMouse: (accel) acceleration threshold: 4
[    77.971] (II) event3  - VirtualPS/2 VMware VMMouse: is tagged by udev as: Mouse
[    77.971] (II) event3  - VirtualPS/2 VMware VMMouse: device is a pointer
[    77.972] (II) config/udev: Adding input device VirtualPS/2 VMware VMMouse (/dev/input/mouse1)
[    77.972] (II) No input driver specified, ignoring this device.
[    77.972] (II) This device may have been added with another device file.
[    77.973] (II) config/udev: Adding input device VirtualPS/2 VMware VMMouse (/dev/input/event2)
[    77.973] (**) VirtualPS/2 VMware VMMouse: Applying InputClass "libinput pointer catchall"
[    77.973] (II) Using input driver 'libinput' for 'VirtualPS/2 VMware VMMouse'
[    77.978] (II) systemd-logind: got fd for /dev/input/event2 13:66 fd 31 paused 0
[    77.978] (**) VirtualPS/2 VMware VMMouse: always reports core events
[    77.978] (**) Option "Device" "/dev/input/event2"
[    77.978] (**) Option "_source" "server/udev"
[    77.979] (II) event2  - VirtualPS/2 VMware VMMouse: is tagged by udev as: Mouse
[    77.979] (II) event2  - VirtualPS/2 VMware VMMouse: device is a pointer
[    77.979] (II) event2  - VirtualPS/2 VMware VMMouse: device removed
[    77.980] (**) Option "config_info" "udev:/sys/devices/platform/i8042/serio1/input/input4/event2"
[    77.980] (II) XINPUT: Adding extended input device "VirtualPS/2 VMware VMMouse" (type: MOUSE, id 11)
[    77.980] (**) Option "AccelerationScheme" "none"
[    77.980] (**) VirtualPS/2 VMware VMMouse: (accel) selected scheme none/0
[    77.980] (**) VirtualPS/2 VMware VMMouse: (accel) acceleration factor: 2.000
[    77.980] (**) VirtualPS/2 VMware VMMouse: (accel) acceleration threshold: 4
[    77.981] (II) event2  - VirtualPS/2 VMware VMMouse: is tagged by udev as: Mouse
[    77.981] (II) event2  - VirtualPS/2 VMware VMMouse: device is a pointer
[    77.982] (II) config/udev: Adding input device VirtualPS/2 VMware VMMouse (/dev/input/mouse0)
[    77.982] (II) No input driver specified, ignoring this device.
[    77.982] (II) This device may have been added with another device file.
[   317.588] (II) Changing hardware format.
[  1192.018] (II) Changing hardware format.
[  1213.926] (II) Changing hardware format.
[  1214.197] (II) Changing hardware format.
[  1214.480] (II) Changing hardware format.
[  1218.906] (II) Changing hardware format.
[  1221.565] (II) Changing hardware format.
[  1221.645] (II) Changing hardware format.
[  1221.726] (II) Changing hardware format.
[  1247.234] (II) Changing hardware format.
[  1544.054] (II) Changing hardware format.
[  1548.438] (II) Changing hardware format.
[  3464.938] (II) Changing hardware format.
[  4286.116] (II) Changing hardware format.
[  4952.905] (II) Changing hardware format.
[  4968.346] (II) Changing hardware format.
[  4970.610] (II) Changing hardware format.
[  4985.736] (II) Changing hardware format.
